2021-04-06T09:18:43+00:00 CRITICAL syntax error, unexpected token "}" in C:\xampp\htdocs\wordpress_theam\wp-content\themes\YousryCompanyTheam\functions.php on line 104

2021-04-06T09:19:43+00:00 CRITICAL Cannot use [] for reading in C:\xampp\htdocs\wordpress_theam\wp-content\themes\YousryCompanyTheam\functions.php on line 106

2021-04-06T09:21:44+00:00 CRITICAL syntax error, unexpected token "}" in C:\xampp\htdocs\wordpress_theam\wp-content\themes\YousryCompanyTheam\functions.php on line 117

2021-04-06T09:23:45+00:00 CRITICAL Uncaught ArgumentCountError: Too few arguments to function add_filter(), 1 passed in C:\xampp\htdocs\wordpress_theam\wp-content\themes\YousryCompanyTheam\functions.php on line 124 and at least 2 expected in C:\xampp\htdocs\wordpress_theam\wp-includes\plugin.php:114
Stack trace:
#0 C:\xampp\htdocs\wordpress_theam\wp-content\themes\YousryCompanyTheam\functions.php(124): add_filter('comment_form_fi...')
#1 C:\xampp\htdocs\wordpress_theam\wp-settings.php(528): include('C:\\xampp\\htdocs...')
#2 C:\xampp\htdocs\wordpress_theam\wp-config.php(90): require_once('C:\\xampp\\htdocs...')
#3 C:\xampp\htdocs\wordpress_theam\wp-load.php(37): require_once('C:\\xampp\\htdocs...')
#4 C:\xampp\htdocs\wordpress_theam\wp-admin\admin-ajax.php(22): require_once('C:\\xampp\\htdocs...')
#5 {main}
  thrown in C:\xampp\htdocs\wordpress_theam\wp-includes\plugin.php on line 114

2021-04-06T09:23:59+00:00 CRITICAL Uncaught TypeError: Cannot access offset of type string on string in C:\xampp\htdocs\wordpress_theam\wp-content\themes\YousryCompanyTheam\functions.php:103
Stack trace:
#0 C:\xampp\htdocs\wordpress_theam\wp-includes\class-wp-hook.php(292): Company_comments_field('<p class="comme...')
#1 C:\xampp\htdocs\wordpress_theam\wp-includes\plugin.php(212): WP_Hook->apply_filters('<p class="comme...', Array)
#2 C:\xampp\htdocs\wordpress_theam\wp-includes\comment-template.php(2625): apply_filters('comment_form_fi...', '<p class="comme...')
#3 C:\xampp\htdocs\wordpress_theam\wp-content\themes\YousryCompanyTheam\template-parts\content.php(5): comment_form()
#4 C:\xampp\htdocs\wordpress_theam\wp-includes\template.php(732): require('C:\\xampp\\htdocs...')
#5 C:\xampp\htdocs\wordpress_theam\wp-includes\template.php(676): load_template('C:\\xampp\\htdocs...', false, Array)
#6 C:\xampp\htdocs\wordpress_theam\wp-includes\general-template.php(204): locate_template(Array, true, false, Array)
#7 C:\xampp\htdocs\wordpress_theam\wp-content\themes\YousryCompanyTheam\single.php(32): get_template_part('template-parts/...')
#8 C:\xampp\htdocs\wordpress_theam\wp-includes\template-loader.php(106): include('C:\\xampp\\htdocs...')
#9 C:\xampp\htdocs\wordpress_theam\wp-blog-header.php(19): require_once('C:\\xampp\\htdocs...')
#10 C:\xampp\htdocs\wordpress_theam\index.php(17): require('C:\\xampp\\htdocs...')
#11 {main}
  thrown in C:\xampp\htdocs\wordpress_theam\wp-content\themes\YousryCompanyTheam\functions.php on line 103

2021-04-06T09:27:02+00:00 CRITICAL Uncaught TypeError: Cannot access offset of type string on string in C:\xampp\htdocs\wordpress_theam\wp-content\themes\YousryCompanyTheam\functions.php:103
Stack trace:
#0 C:\xampp\htdocs\wordpress_theam\wp-includes\class-wp-hook.php(292): Company_comments_field('<p class="comme...')
#1 C:\xampp\htdocs\wordpress_theam\wp-includes\plugin.php(212): WP_Hook->apply_filters('<p class="comme...', Array)
#2 C:\xampp\htdocs\wordpress_theam\wp-includes\comment-template.php(2625): apply_filters('comment_form_fi...', '<p class="comme...')
#3 C:\xampp\htdocs\wordpress_theam\wp-content\themes\YousryCompanyTheam\template-parts\content.php(5): comment_form()
#4 C:\xampp\htdocs\wordpress_theam\wp-includes\template.php(732): require('C:\\xampp\\htdocs...')
#5 C:\xampp\htdocs\wordpress_theam\wp-includes\template.php(676): load_template('C:\\xampp\\htdocs...', false, Array)
#6 C:\xampp\htdocs\wordpress_theam\wp-includes\general-template.php(204): locate_template(Array, true, false, Array)
#7 C:\xampp\htdocs\wordpress_theam\wp-content\themes\YousryCompanyTheam\single.php(32): get_template_part('template-parts/...')
#8 C:\xampp\htdocs\wordpress_theam\wp-includes\template-loader.php(106): include('C:\\xampp\\htdocs...')
#9 C:\xampp\htdocs\wordpress_theam\wp-blog-header.php(19): require_once('C:\\xampp\\htdocs...')
#10 C:\xampp\htdocs\wordpress_theam\index.php(17): require('C:\\xampp\\htdocs...')
#11 {main}
  thrown in C:\xampp\htdocs\wordpress_theam\wp-content\themes\YousryCompanyTheam\functions.php on line 103

2021-04-06T09:27:14+00:00 CRITICAL Uncaught TypeError: Cannot access offset of type string on string in C:\xampp\htdocs\wordpress_theam\wp-content\themes\YousryCompanyTheam\functions.php:103
Stack trace:
#0 C:\xampp\htdocs\wordpress_theam\wp-includes\class-wp-hook.php(292): Company_comments_field('<p class="comme...')
#1 C:\xampp\htdocs\wordpress_theam\wp-includes\plugin.php(212): WP_Hook->apply_filters('<p class="comme...', Array)
#2 C:\xampp\htdocs\wordpress_theam\wp-includes\comment-template.php(2625): apply_filters('comment_form_fi...', '<p class="comme...')
#3 C:\xampp\htdocs\wordpress_theam\wp-content\themes\YousryCompanyTheam\template-parts\content.php(5): comment_form()
#4 C:\xampp\htdocs\wordpress_theam\wp-includes\template.php(732): require('C:\\xampp\\htdocs...')
#5 C:\xampp\htdocs\wordpress_theam\wp-includes\template.php(676): load_template('C:\\xampp\\htdocs...', false, Array)
#6 C:\xampp\htdocs\wordpress_theam\wp-includes\general-template.php(204): locate_template(Array, true, false, Array)
#7 C:\xampp\htdocs\wordpress_theam\wp-content\themes\YousryCompanyTheam\single.php(32): get_template_part('template-parts/...')
#8 C:\xampp\htdocs\wordpress_theam\wp-includes\template-loader.php(106): include('C:\\xampp\\htdocs...')
#9 C:\xampp\htdocs\wordpress_theam\wp-blog-header.php(19): require_once('C:\\xampp\\htdocs...')
#10 C:\xampp\htdocs\wordpress_theam\index.php(17): require('C:\\xampp\\htdocs...')
#11 {main}
  thrown in C:\xampp\htdocs\wordpress_theam\wp-content\themes\YousryCompanyTheam\functions.php on line 103

2021-04-06T09:28:33+00:00 CRITICAL Uncaught TypeError: Cannot access offset of type string on string in C:\xampp\htdocs\wordpress_theam\wp-content\themes\YousryCompanyTheam\functions.php:103
Stack trace:
#0 C:\xampp\htdocs\wordpress_theam\wp-includes\class-wp-hook.php(292): Company_comments_field('<p class="comme...')
#1 C:\xampp\htdocs\wordpress_theam\wp-includes\plugin.php(212): WP_Hook->apply_filters('<p class="comme...', Array)
#2 C:\xampp\htdocs\wordpress_theam\wp-includes\comment-template.php(2625): apply_filters('comment_form_fi...', '<p class="comme...')
#3 C:\xampp\htdocs\wordpress_theam\wp-content\themes\YousryCompanyTheam\template-parts\content.php(5): comment_form()
#4 C:\xampp\htdocs\wordpress_theam\wp-includes\template.php(732): require('C:\\xampp\\htdocs...')
#5 C:\xampp\htdocs\wordpress_theam\wp-includes\template.php(676): load_template('C:\\xampp\\htdocs...', false, Array)
#6 C:\xampp\htdocs\wordpress_theam\wp-includes\general-template.php(204): locate_template(Array, true, false, Array)
#7 C:\xampp\htdocs\wordpress_theam\wp-content\themes\YousryCompanyTheam\single.php(32): get_template_part('template-parts/...')
#8 C:\xampp\htdocs\wordpress_theam\wp-includes\template-loader.php(106): include('C:\\xampp\\htdocs...')
#9 C:\xampp\htdocs\wordpress_theam\wp-blog-header.php(19): require_once('C:\\xampp\\htdocs...')
#10 C:\xampp\htdocs\wordpress_theam\index.php(17): require('C:\\xampp\\htdocs...')
#11 {main}
  thrown in C:\xampp\htdocs\wordpress_theam\wp-content\themes\YousryCompanyTheam\functions.php on line 103

2021-04-06T09:29:10+00:00 CRITICAL Uncaught TypeError: Cannot access offset of type string on string in C:\xampp\htdocs\wordpress_theam\wp-content\themes\YousryCompanyTheam\functions.php:104
Stack trace:
#0 C:\xampp\htdocs\wordpress_theam\wp-includes\class-wp-hook.php(292): Company_comments_field('<p class="comme...')
#1 C:\xampp\htdocs\wordpress_theam\wp-includes\plugin.php(212): WP_Hook->apply_filters('<p class="comme...', Array)
#2 C:\xampp\htdocs\wordpress_theam\wp-includes\comment-template.php(2625): apply_filters('comment_form_fi...', '<p class="comme...')
#3 C:\xampp\htdocs\wordpress_theam\wp-content\themes\YousryCompanyTheam\template-parts\content.php(5): comment_form()
#4 C:\xampp\htdocs\wordpress_theam\wp-includes\template.php(732): require('C:\\xampp\\htdocs...')
#5 C:\xampp\htdocs\wordpress_theam\wp-includes\template.php(676): load_template('C:\\xampp\\htdocs...', false, Array)
#6 C:\xampp\htdocs\wordpress_theam\wp-includes\general-template.php(204): locate_template(Array, true, false, Array)
#7 C:\xampp\htdocs\wordpress_theam\wp-content\themes\YousryCompanyTheam\single.php(32): get_template_part('template-parts/...')
#8 C:\xampp\htdocs\wordpress_theam\wp-includes\template-loader.php(106): include('C:\\xampp\\htdocs...')
#9 C:\xampp\htdocs\wordpress_theam\wp-blog-header.php(19): require_once('C:\\xampp\\htdocs...')
#10 C:\xampp\htdocs\wordpress_theam\index.php(17): require('C:\\xampp\\htdocs...')
#11 {main}
  thrown in C:\xampp\htdocs\wordpress_theam\wp-content\themes\YousryCompanyTheam\functions.php on line 104

2021-04-06T09:30:06+00:00 CRITICAL Uncaught TypeError: Cannot access offset of type string on string in C:\xampp\htdocs\wordpress_theam\wp-content\themes\YousryCompanyTheam\functions.php:104
Stack trace:
#0 C:\xampp\htdocs\wordpress_theam\wp-includes\class-wp-hook.php(292): Company_comments_field('<p class="comme...')
#1 C:\xampp\htdocs\wordpress_theam\wp-includes\plugin.php(212): WP_Hook->apply_filters('<p class="comme...', Array)
#2 C:\xampp\htdocs\wordpress_theam\wp-includes\comment-template.php(2625): apply_filters('comment_form_fi...', '<p class="comme...')
#3 C:\xampp\htdocs\wordpress_theam\wp-content\themes\YousryCompanyTheam\template-parts\content.php(5): comment_form()
#4 C:\xampp\htdocs\wordpress_theam\wp-includes\template.php(732): require('C:\\xampp\\htdocs...')
#5 C:\xampp\htdocs\wordpress_theam\wp-includes\template.php(676): load_template('C:\\xampp\\htdocs...', false, Array)
#6 C:\xampp\htdocs\wordpress_theam\wp-includes\general-template.php(204): locate_template(Array, true, false, Array)
#7 C:\xampp\htdocs\wordpress_theam\wp-content\themes\YousryCompanyTheam\single.php(32): get_template_part('template-parts/...')
#8 C:\xampp\htdocs\wordpress_theam\wp-includes\template-loader.php(106): include('C:\\xampp\\htdocs...')
#9 C:\xampp\htdocs\wordpress_theam\wp-blog-header.php(19): require_once('C:\\xampp\\htdocs...')
#10 C:\xampp\htdocs\wordpress_theam\index.php(17): require('C:\\xampp\\htdocs...')
#11 {main}
  thrown in C:\xampp\htdocs\wordpress_theam\wp-content\themes\YousryCompanyTheam\functions.php on line 104

2021-04-06T09:31:11+00:00 CRITICAL Uncaught Error: Call to undefined function comments_form() in C:\xampp\htdocs\wordpress_theam\wp-content\themes\YousryCompanyTheam\template-parts\content.php:5
Stack trace:
#0 C:\xampp\htdocs\wordpress_theam\wp-includes\template.php(732): require()
#1 C:\xampp\htdocs\wordpress_theam\wp-includes\template.php(676): load_template('C:\\xampp\\htdocs...', false, Array)
#2 C:\xampp\htdocs\wordpress_theam\wp-includes\general-template.php(204): locate_template(Array, true, false, Array)
#3 C:\xampp\htdocs\wordpress_theam\wp-content\themes\YousryCompanyTheam\single.php(32): get_template_part('template-parts/...')
#4 C:\xampp\htdocs\wordpress_theam\wp-includes\template-loader.php(106): include('C:\\xampp\\htdocs...')
#5 C:\xampp\htdocs\wordpress_theam\wp-blog-header.php(19): require_once('C:\\xampp\\htdocs...')
#6 C:\xampp\htdocs\wordpress_theam\index.php(17): require('C:\\xampp\\htdocs...')
#7 {main}
  thrown in C:\xampp\htdocs\wordpress_theam\wp-content\themes\YousryCompanyTheam\template-parts\content.php on line 5

2021-04-06T09:32:21+00:00 CRITICAL Uncaught Error: Call to undefined function the_comments_form() in C:\xampp\htdocs\wordpress_theam\wp-content\themes\YousryCompanyTheam\template-parts\content.php:5
Stack trace:
#0 C:\xampp\htdocs\wordpress_theam\wp-includes\template.php(732): require()
#1 C:\xampp\htdocs\wordpress_theam\wp-includes\template.php(676): load_template('C:\\xampp\\htdocs...', false, Array)
#2 C:\xampp\htdocs\wordpress_theam\wp-includes\general-template.php(204): locate_template(Array, true, false, Array)
#3 C:\xampp\htdocs\wordpress_theam\wp-content\themes\YousryCompanyTheam\single.php(32): get_template_part('template-parts/...')
#4 C:\xampp\htdocs\wordpress_theam\wp-includes\template-loader.php(106): include('C:\\xampp\\htdocs...')
#5 C:\xampp\htdocs\wordpress_theam\wp-blog-header.php(19): require_once('C:\\xampp\\htdocs...')
#6 C:\xampp\htdocs\wordpress_theam\index.php(17): require('C:\\xampp\\htdocs...')
#7 {main}
  thrown in C:\xampp\htdocs\wordpress_theam\wp-content\themes\YousryCompanyTheam\template-parts\content.php on line 5

2021-04-06T09:37:09+00:00 CRITICAL Maximum execution time of 299 seconds exceeded in C:\xampp\htdocs\wordpress_theam\wp-content\plugins\f4-tree\Tree\Hooks.php on line 223

2021-04-06T09:37:09+00:00 CRITICAL Maximum execution time of 299 seconds exceeded in C:\xampp\htdocs\wordpress_theam\wp-content\plugins\f4-tree\Tree\Hooks.php on line 223

2021-04-06T09:37:10+00:00 CRITICAL Maximum execution time of 299 seconds exceeded in C:\xampp\htdocs\wordpress_theam\wp-content\plugins\f4-tree\Tree\Hooks.php on line 223

2021-04-06T09:37:10+00:00 CRITICAL Maximum execution time of 299 seconds exceeded in C:\xampp\htdocs\wordpress_theam\wp-content\plugins\f4-tree\Tree\Hooks.php on line 223

2021-04-06T12:46:54+00:00 CRITICAL Maximum execution time of 299 seconds exceeded in C:\xampp\htdocs\wordpress_theam\wp-content\plugins\f4-tree\Tree\Hooks.php on line 223

2021-04-06T12:46:54+00:00 CRITICAL Maximum execution time of 299 seconds exceeded in C:\xampp\htdocs\wordpress_theam\wp-content\plugins\f4-tree\Tree\Hooks.php on line 223

2021-04-06T13:06:48+00:00 CRITICAL Maximum execution time of 299 seconds exceeded in C:\xampp\htdocs\wordpress_theam\wp-content\plugins\f4-tree\Tree\Hooks.php on line 223

2021-04-06T13:06:48+00:00 CRITICAL Maximum execution time of 299 seconds exceeded in C:\xampp\htdocs\wordpress_theam\wp-content\plugins\f4-tree\Tree\Hooks.php on line 223

2021-04-06T13:11:49+00:00 CRITICAL Maximum execution time of 299 seconds exceeded in C:\xampp\htdocs\wordpress_theam\wp-content\plugins\f4-tree\Tree\Hooks.php on line 223

2021-04-06T13:16:49+00:00 CRITICAL Maximum execution time of 299 seconds exceeded in C:\xampp\htdocs\wordpress_theam\wp-content\plugins\f4-tree\Tree\Hooks.php on line 223

2021-04-06T13:21:50+00:00 CRITICAL Maximum execution time of 299 seconds exceeded in C:\xampp\htdocs\wordpress_theam\wp-content\plugins\f4-tree\Tree\Hooks.php on line 223

2021-04-06T13:26:51+00:00 CRITICAL Maximum execution time of 299 seconds exceeded in C:\xampp\htdocs\wordpress_theam\wp-content\plugins\f4-tree\Tree\Hooks.php on line 223

2021-04-06T13:31:51+00:00 CRITICAL Maximum execution time of 299 seconds exceeded in C:\xampp\htdocs\wordpress_theam\wp-content\plugins\f4-tree\Tree\Hooks.php on line 223

2021-04-06T13:36:52+00:00 CRITICAL Maximum execution time of 299 seconds exceeded in C:\xampp\htdocs\wordpress_theam\wp-content\plugins\f4-tree\Tree\Hooks.php on line 223

2021-04-06T13:41:52+00:00 CRITICAL Maximum execution time of 299 seconds exceeded in C:\xampp\htdocs\wordpress_theam\wp-content\plugins\f4-tree\Tree\Hooks.php on line 223

2021-04-06T13:46:52+00:00 CRITICAL Maximum execution time of 299 seconds exceeded in C:\xampp\htdocs\wordpress_theam\wp-content\plugins\f4-tree\Tree\Hooks.php on line 223

2021-04-06T14:11:52+00:00 CRITICAL Uncaught TypeError: Cannot access offset of type string on string in C:\xampp\htdocs\wordpress_theam\wp-content\themes\YousryCompanyTheam\template-gallery.php:38
Stack trace:
#0 C:\xampp\htdocs\wordpress_theam\wp-includes\template-loader.php(106): include()
#1 C:\xampp\htdocs\wordpress_theam\wp-blog-header.php(19): require_once('C:\\xampp\\htdocs...')
#2 C:\xampp\htdocs\wordpress_theam\index.php(17): require('C:\\xampp\\htdocs...')
#3 {main}
  thrown in C:\xampp\htdocs\wordpress_theam\wp-content\themes\YousryCompanyTheam\template-gallery.php on line 38

2021-04-06T14:12:45+00:00 CRITICAL Uncaught TypeError: Cannot access offset of type string on string in C:\xampp\htdocs\wordpress_theam\wp-content\themes\YousryCompanyTheam\template-gallery.php:38
Stack trace:
#0 C:\xampp\htdocs\wordpress_theam\wp-includes\template-loader.php(106): include()
#1 C:\xampp\htdocs\wordpress_theam\wp-blog-header.php(19): require_once('C:\\xampp\\htdocs...')
#2 C:\xampp\htdocs\wordpress_theam\index.php(17): require('C:\\xampp\\htdocs...')
#3 {main}
  thrown in C:\xampp\htdocs\wordpress_theam\wp-content\themes\YousryCompanyTheam\template-gallery.php on line 38

2021-04-06T14:13:17+00:00 CRITICAL Uncaught TypeError: Cannot access offset of type string on string in C:\xampp\htdocs\wordpress_theam\wp-content\themes\YousryCompanyTheam\template-gallery.php:38
Stack trace:
#0 C:\xampp\htdocs\wordpress_theam\wp-includes\template-loader.php(106): include()
#1 C:\xampp\htdocs\wordpress_theam\wp-blog-header.php(19): require_once('C:\\xampp\\htdocs...')
#2 C:\xampp\htdocs\wordpress_theam\index.php(17): require('C:\\xampp\\htdocs...')
#3 {main}
  thrown in C:\xampp\htdocs\wordpress_theam\wp-content\themes\YousryCompanyTheam\template-gallery.php on line 38

2021-04-06T14:27:21+00:00 CRITICAL Uncaught TypeError: Cannot access offset of type string on string in C:\xampp\htdocs\wordpress_theam\wp-content\themes\YousryCompanyTheam\template-gallery.php:41
Stack trace:
#0 C:\xampp\htdocs\wordpress_theam\wp-includes\template-loader.php(106): include()
#1 C:\xampp\htdocs\wordpress_theam\wp-blog-header.php(19): require_once('C:\\xampp\\htdocs...')
#2 C:\xampp\htdocs\wordpress_theam\index.php(17): require('C:\\xampp\\htdocs...')
#3 {main}
  thrown in C:\xampp\htdocs\wordpress_theam\wp-content\themes\YousryCompanyTheam\template-gallery.php on line 41

